\\bournemouth.ac.uk\data\student\home\scitech\s5063237\desktop\pfg-startproject\pfg-startproject\build\debug_intermediate\vc141.pdb
\\bournemouth.ac.uk\data\student\home\scitech\s5063237\desktop\pfg-startproject\pfg-startproject\build\debug_intermediate\vc141.idb
\\bournemouth.ac.uk\data\student\home\scitech\s5063237\desktop\pfg-startproject\pfg-startproject\build\debug_intermediate\scene.obj
\\bournemouth.ac.uk\data\student\home\scitech\s5063237\desktop\pfg-startproject\pfg-startproject\build\debug_intermediate\mesh.obj
\\bournemouth.ac.uk\data\student\home\scitech\s5063237\desktop\pfg-startproject\pfg-startproject\build\debug_intermediate\material.obj
\\bournemouth.ac.uk\data\student\home\scitech\s5063237\desktop\pfg-startproject\pfg-startproject\build\debug_intermediate\main.obj
\\bournemouth.ac.uk\data\student\home\scitech\s5063237\desktop\pfg-startproject\pfg-startproject\build\debug_intermediate\input.obj
\\bournemouth.ac.uk\data\student\home\scitech\s5063237\desktop\pfg-startproject\pfg-startproject\build\debug_intermediate\gameobject.obj
\\bournemouth.ac.uk\data\student\home\scitech\s5063237\desktop\pfg-startproject\pfg-startproject\build\debug_intermediate\camera.obj
\\bournemouth.ac.uk\data\student\home\scitech\s5063237\desktop\pfg-startproject\pfg-startproject\build\debug_intermediate\application.obj
\\bournemouth.ac.uk\data\student\home\scitech\s5063237\desktop\pfg-startproject\pfg-startproject\build\debug_intermediate\glew.obj
\\bournemouth.ac.uk\data\student\home\scitech\s5063237\desktop\pfg-startproject\pfg-startproject\build\debug\pfg-startproject.exe
\\bournemouth.ac.uk\data\student\home\scitech\s5063237\desktop\pfg-startproject\pfg-startproject\build\debug\pfg-startproject.ilk
\\bournemouth.ac.uk\data\student\home\scitech\s5063237\desktop\pfg-startproject\pfg-startproject\build\debug\pfg-startproject.pdb
\\bournemouth.ac.uk\data\student\home\scitech\s5063237\desktop\pfg-startproject\pfg-startproject\build\debug_intermediate\kinematicsobject.obj
\\bournemouth.ac.uk\data\student\home\scitech\s5063237\desktop\pfg-startproject\pfg-startproject\build\debug_intermediate\pfg-startproject.tlog\cl.command.1.tlog
\\bournemouth.ac.uk\data\student\home\scitech\s5063237\desktop\pfg-startproject\pfg-startproject\build\debug_intermediate\pfg-startproject.tlog\cl.read.1.tlog
\\bournemouth.ac.uk\data\student\home\scitech\s5063237\desktop\pfg-startproject\pfg-startproject\build\debug_intermediate\pfg-startproject.tlog\cl.write.1.tlog
\\bournemouth.ac.uk\data\student\home\scitech\s5063237\desktop\pfg-startproject\pfg-startproject\build\debug_intermediate\pfg-startproject.tlog\link.command.1.tlog
\\bournemouth.ac.uk\data\student\home\scitech\s5063237\desktop\pfg-startproject\pfg-startproject\build\debug_intermediate\pfg-startproject.tlog\link.read.1.tlog
\\bournemouth.ac.uk\data\student\home\scitech\s5063237\desktop\pfg-startproject\pfg-startproject\build\debug_intermediate\pfg-startproject.tlog\link.write.1.tlog
